Using pre-set license
Built from '2020.3/staging' branch; Version is '2020.3.0f1 (c7b5465681fb) revision 13088070'; Using compiler version '192528614'; Build Type 'Release'
OS: 'Windows 7  (6.1.0) 64bit' Language: 'ru' Physical Memory: 8082 MB
BatchMode: 1, IsHumanControllingUs: 0, StartBugReporterOnCrash: 0, Is64bit: 1, IsPro: 0

 COMMAND LINE ARGUMENTS:
C:\Program Files\Unity\Hub\Editor\2020.3.0f1\Editor\Unity.exe
-adb2
-batchMode
-noUpm
-name
AssetImportWorker0
-projectPath
D:/NetDrives/YandexDisk/UNITY/Experiments/Experiments
-logFile
Logs/AssetImportWorker0.log
-srvPort
14787
Successfully changed project path to: D:/NetDrives/YandexDisk/UNITY/Experiments/Experiments
D:/NetDrives/YandexDisk/UNITY/Experiments/Experiments
Using Asset Import Pipeline V2.
Refreshing native plugins compatible for Editor in 31.48 ms, found 0 plugins.
Preloading 0 native plugins for Editor in 0.00 ms.
Initialize engine version: 2020.3.0f1 (c7b5465681fb)
[Subsystems] Discovering subsystems at path C:/Program Files/Unity/Hub/Editor/2020.3.0f1/Editor/Data/Resources/UnitySubsystems
[Subsystems] Discovering subsystems at path D:/NetDrives/YandexDisk/UNITY/Experiments/Experiments/Assets
GfxDevice: creating device client; threaded=0
d3d11: CreateDXGIFactory2(...) not found, fallbacking to CreateDXGIFactory1(...).
d3d11: QueryInterface(IDXGIFactory5) failed (80004002).
Direct3D:
    Version:  Direct3D 11.0 [level 11.0]
    Renderer: NVIDIA GeForce GT 645M (ID=0xfd9)
    Vendor:   
    VRAM:     961 MB
    Driver:   25.21.14.2531
Initialize mono
Mono path[0] = 'C:/Program Files/Unity/Hub/Editor/2020.3.0f1/Editor/Data/Managed'
Mono path[1] = 'C:/Program Files/Unity/Hub/Editor/2020.3.0f1/Editor/Data/MonoBleedingEdge/lib/mono/unityjit'
Mono config path = 'C:/Program Files/Unity/Hub/Editor/2020.3.0f1/Editor/Data/MonoBleedingEdge/etc'
Using monoOptions --debugger-agent=transport=dt_socket,embedding=1,server=y,suspend=n,address=127.0.0.1:56224
Begin MonoManager ReloadAssembly
Registering precompiled unity dll's ...
Register platform support module: C:/Program Files/Unity/Hub/Editor/2020.3.0f1/Editor/Data/PlaybackEngines/WindowsStandaloneSupport/UnityEditor.WindowsStandalone.Extensions.dll
Registered in 0.001920 seconds.
Native extension for WindowsStandalone target not found
Refreshing native plugins compatible for Editor in 32.78 ms, found 0 plugins.
Preloading 0 native plugins for Editor in 0.00 ms.
Invoked RoslynAnalysisRunner static constructor.
RoslynAnalysisRunner will not be running.
RoslynAnalysisRunner has terminated.
Mono: successfully reloaded assembly
- Completed reload, in  1.369 seconds
Platform modules already initialized, skipping
Registering precompiled user dll's ...
Registered in 0.001239 seconds.
Begin MonoManager ReloadAssembly
Native extension for WindowsStandalone target not found
Refreshing native plugins compatible for Editor in 0.31 ms, found 0 plugins.
Preloading 0 native plugins for Editor in 0.00 ms.
Invoked RoslynAnalysisRunner static constructor.
RoslynAnalysisRunner will not be running.
RoslynAnalysisRunner has terminated.
Mono: successfully reloaded assembly
- Completed reload, in  1.084 seconds
Platform modules already initialized, skipping
========================================================================
Worker process is ready to serve import requests
Launched and connected shader compiler UnityShaderCompiler.exe after 0.03 seconds
Refreshing native plugins compatible for Editor in 0.28 ms, found 0 plugins.
Preloading 0 native plugins for Editor in 0.00 ms.
Unloading 1149 Unused Serialized files (Serialized files now loaded: 0)
System memory in use before: 57.8 MB.
System memory in use after: 57.9 MB.

Unloading 11 unused Assets to reduce memory usage. Loaded Objects now: 1595.
Total: 1.899084 ms (FindLiveObjects: 0.154800 ms CreateObjectMapping: 0.063716 ms MarkObjects: 1.617279 ms  DeleteObjects: 0.061578 ms)

========================================================================
Received Import Request.
  path: Assets/RndGeneration
  artifactKey: Guid(0dc540219c57ee646858fd2d92d0e09f) Importer(815301076,1909f56bfc062723c751e8b465ee728b)
Start importing Assets/RndGeneration using Guid(0dc540219c57ee646858fd2d92d0e09f) Importer(815301076,1909f56bfc062723c751e8b465ee728b)  -> (artifact id: '77a199667ba3ddc93d60e25d66af76ba') in 0.004591 seconds
  Import took 0.006739 seconds .

========================================================================
Received Import Request.
  Time since last request: 4.181045 seconds.
  path: Assets/LineRender
  artifactKey: Guid(32df33c096bc69345815153e852d5287) Importer(815301076,1909f56bfc062723c751e8b465ee728b)
Start importing Assets/LineRender using Guid(32df33c096bc69345815153e852d5287) Importer(815301076,1909f56bfc062723c751e8b465ee728b)  -> (artifact id: '1da945c769a325fe86104e5b9f57081a') in 0.002094 seconds
  Import took 0.004502 seconds .

